[debug] [2021-09-15T01:55:53.348Z] ----------------------------------------------------------------------
[debug] [2021-09-15T01:55:53.350Z] Command:       /usr/local/bin/node /usr/local/bin/firebase init
[debug] [2021-09-15T01:55:53.350Z] CLI Version:   9.18.0
[debug] [2021-09-15T01:55:53.350Z] Platform:      darwin
[debug] [2021-09-15T01:55:53.350Z] Node Version:  v14.17.2
[debug] [2021-09-15T01:55:53.356Z] Time:          Tue Sep 14 2021 21:55:53 GMT-0400 (Eastern Daylight Time)
[debug] [2021-09-15T01:55:53.356Z] ----------------------------------------------------------------------
[debug] 
[debug] [2021-09-15T01:55:53.362Z] > command requires scopes: ["email","openid","https://www.googleapis.com/auth/cloudplatformprojects.readonly","https://www.googleapis.com/auth/firebase","https://www.googleapis.com/auth/cloud-platform"]
[debug] [2021-09-15T01:55:53.362Z] > authorizing via signed-in user (blankinship2002@gmail.com)
[info] 
     ######## #### ########  ######## ########     ###     ######  ########
     ##        ##  ##     ## ##       ##     ##  ##   ##  ##       ##
     ######    ##  ########  ######   ########  #########  ######  ######
     ##        ##  ##    ##  ##       ##     ## ##     ##       ## ##
     ##       #### ##     ## ######## ########  ##     ##  ######  ########

You're about to initialize a Firebase project in this directory:

  /Users/bryce/Documents/GitHub/detailingsite

Before we get started, keep in mind:

  * You are currently outside your home directory

[info] 
=== Project Setup
[info] 
[info] First, let's associate this project directory with a Firebase project.
[info] You can create multiple project aliases by running firebase use --add, 
[info] but for now we'll just set up a default project.
[info] 
